#
# There is insufficient memory for the Java Runtime Environment to continue.
# Native memory allocation (mmap) failed to map 266338304 bytes for G1 virtual space
# Possible reasons:
#   The system is out of physical RAM or swap space
#   The process is running with CompressedOops enabled, and the Java Heap may be blocking the growth of the native heap
# Possible solutions:
#   Reduce memory load on the system
#   Increase physical memory or swap space
#   Check if swap backing store is full
#   Decrease Java heap size (-Xmx/-Xms)
#   Decrease number of Java threads
#   Decrease Java thread stack sizes (-Xss)
#   Set larger code cache with -XX:ReservedCodeCacheSize=
#   JVM is running with Zero Based Compressed Oops mode in which the Java heap is
#     placed in the first 32GB address space. The Java Heap base address is the
#     maximum limit for the native heap growth. Please use -XX:HeapBaseMinAddress
#     to set the Java Heap base and to place the Java Heap above 32GB virtual address.
# This output file may be truncated or incomplete.
#
#  Out of Memory Error (os_windows.cpp:3769), pid=6592, tid=17988
#
# JRE version:  (17.0.6) (build )
# Java VM: OpenJDK 64-Bit Server VM (17.0.6+0-b2043.56-9586694, mixed mode, sharing, tiered, compressed oops, compressed class ptrs, g1 gc, windows-amd64)
# No core dump will be written. Minidumps are not enabled by default on client versions of Windows
#

---------------  S U M M A R Y ------------

Command Line: git4idea.http.GitAskPassApp Username for 'https://github.com': 

Host: Intel(R) Core(TM) i5-9300H CPU @ 2.40GHz, 8 cores, 15G,  Windows 11 , 64 bit Build 22621 (10.0.22621.1194)
Time: Mon Feb 20 18:23:11 2023 Türkiye Standart Saati elapsed time: 0.014524 seconds (0d 0h 0m 0s)

---------------  T H R E A D  ---------------

Current thread (0x000001ff27cce730):  JavaThread "Unknown thread" [_thread_in_vm, id=17988, stack(0x0000009382100000,0x0000009382200000)]

Stack: [0x0000009382100000,0x0000009382200000]
Native frames: (J=compiled Java code, j=interpreted, Vv=VM code, C=native code)
V  [jvm.dll+0x683b4a]
V  [jvm.dll+0x842654]
V  [jvm.dll+0x843dfe]
V  [jvm.dll+0x844463]
V  [jvm.dll+0x249b75]
V  [jvm.dll+0x680a19]
V  [jvm.dll+0x674f0a]
V  [jvm.dll+0x309acb]
V  [jvm.dll+0x310f86]
V  [jvm.dll+0x3608ee]
V  [jvm.dll+0x360b1f]
V  [jvm.dll+0x2dfbf8]
V  [jvm.dll+0x2e0b64]
V  [jvm.dll+0x813f41]
V  [jvm.dll+0x36e6a1]
V  [jvm.dll+0x7f347c]
V  [jvm.dll+0x3f0e8f]
V  [jvm.dll+0x3f29d1]
C  [jli.dll+0x526b]
C  [ucrtbase.dll+0x29363]
C  [KERNEL32.DLL+0x126bd]
C  [ntdll.dll+0x5dfb8]


---------------  P R O C E S S  ---------------

Threads class SMR info:
_java_thread_list=0x00007fffa733c058, length=0, elements={
}

Java Threads: ( => current thread )

Other Threads:
  0x000001ff27d3b080 GCTaskThread "GC Thread#0" [stack: 0x0000009382200000,0x0000009382300000] [id=7812]
  0x000001ff27d4bc30 ConcurrentGCThread "G1 Main Marker" [stack: 0x0000009382300000,0x0000009382400000] [id=7768]
  0x000001ff27d4cbf0 ConcurrentGCThread "G1 Conc#0" [stack: 0x0000009382400000,0x0000009382500000] [id=3028]

[error occurred during error reporting (printing all threads), id 0xc0000005, EXCEPTION_ACCESS_VIOLATION (0xc0000005) at pc=0x00007fffa6af0797]

VM state: not at safepoint (not fully initialized)

VM Mutex/Monitor currently owned by a thread:  ([mutex/lock_event])
[0x000001ff27cc9840] Heap_lock - owner thread: 0x000001ff27cce730

Heap address: 0x0000000703000000, size: 4048 MB, Compressed Oops mode: Zero based, Oop shift amount: 3

CDS archive(s) mapped at: [0x0000000000000000-0x0000000000000000-0x0000000000000000), size 0, SharedBaseAddress: 0x0000000800000000, ArchiveRelocationMode: 0.
Narrow klass base: 0x0000000000000000, Narrow klass shift: 0, Narrow klass range: 0x0

GC Precious Log:
<Empty>

Heap:
 garbage-first heap   total 0K, used 0K [0x0000000703000000, 0x0000000800000000)
  region size 2048K, 0 young (0K), 0 survivors (0K)

[error occurred during error reporting (printing heap information), id 0xc0000005, EXCEPTION_ACCESS_VIOLATION (0xc0000005) at pc=0x00007fffa6edd939]

GC Heap History (0 events):
No events

Dll operation events (1 events):
Event: 0.007 Loaded shared library C:\Users\krmbr\AppData\Local\JetBrains\Toolbox\apps\AndroidStudio\ch-0\222.4459.24.2221.9601061\jbr\bin\java.dll

Deoptimization events (0 events):
No events

Classes unloaded (0 events):
No events

Classes redefined (0 events):
No events

Internal exceptions (0 events):
No events

VM Operations (0 events):
No events

Events (0 events):
No events


Dynamic libraries:
0x00007ff7f2e60000 - 0x00007ff7f2e6a000 	C:\Users\krmbr\AppData\Local\JetBrains\Toolbox\apps\AndroidStudio\ch-0\222.4459.24.2221.9601061\jbr\bin\java.exe
0x00007ffff8f30000 - 0x00007ffff9144000 	C:\WINDOWS\SYSTEM32\ntdll.dll
0x00007ffff8110000 - 0x00007ffff81d3000 	C:\WINDOWS\System32\KERNEL32.DLL
0x00007ffff69a0000 - 0x00007ffff6d3c000 	C:\WINDOWS\System32\KERNELBASE.dll
0x00007ffff6370000 - 0x00007ffff6481000 	C:\WINDOWS\System32\ucrtbase.dll
0x00007fffd73c0000 - 0x00007fffd73d7000 	C:\Users\krmbr\AppData\Local\JetBrains\Toolbox\apps\AndroidStudio\ch-0\222.4459.24.2221.9601061\jbr\bin\jli.dll
0x00007fffd6e70000 - 0x00007fffd6e8b000 	C:\Users\krmbr\AppData\Local\JetBrains\Toolbox\apps\AndroidStudio\ch-0\222.4459.24.2221.9601061\jbr\bin\VCRUNTIME140.dll
0x00007ffff8d40000 - 0x00007ffff8eed000 	C:\WINDOWS\System32\USER32.dll
0x00007ffff6970000 - 0x00007ffff6996000 	C:\WINDOWS\System32\win32u.dll
0x00007fffd81e0000 - 0x00007fffd846e000 	C:\WINDOWS\WinSxS\amd64_microsoft.windows.common-controls_6595b64144ccf1df_6.0.22621.608_none_a9444ca7c10bb01d\COMCTL32.dll
0x00007ffff8790000 - 0x00007ffff87b9000 	C:\WINDOWS\System32\GDI32.dll
0x00007ffff71f0000 - 0x00007ffff7297000 	C:\WINDOWS\System32\msvcrt.dll
0x00007ffff6550000 - 0x00007ffff6662000 	C:\WINDOWS\System32\gdi32full.dll
0x00007ffff6850000 - 0x00007ffff68ea000 	C:\WINDOWS\System32\msvcp_win.dll
0x00007ffff6d70000 - 0x00007ffff6da2000 	C:\WINDOWS\System32\IMM32.DLL
0x00007fffe3df0000 - 0x00007fffe3dfc000 	C:\Users\krmbr\AppData\Local\JetBrains\Toolbox\apps\AndroidStudio\ch-0\222.4459.24.2221.9601061\jbr\bin\vcruntime140_1.dll
0x00007fffb9210000 - 0x00007fffb929d000 	C:\Users\krmbr\AppData\Local\JetBrains\Toolbox\apps\AndroidStudio\ch-0\222.4459.24.2221.9601061\jbr\bin\msvcp140.dll
0x00007fffa6800000 - 0x00007fffa746d000 	C:\Users\krmbr\AppData\Local\JetBrains\Toolbox\apps\AndroidStudio\ch-0\222.4459.24.2221.9601061\jbr\bin\server\jvm.dll
0x00007ffff8320000 - 0x00007ffff83ce000 	C:\WINDOWS\System32\ADVAPI32.dll
0x00007ffff7060000 - 0x00007ffff7104000 	C:\WINDOWS\System32\sechost.dll
0x00007ffff6db0000 - 0x00007ffff6ec5000 	C:\WINDOWS\System32\RPCRT4.dll
0x00007fffe9b60000 - 0x00007fffe9b69000 	C:\WINDOWS\SYSTEM32\WSOCK32.dll
0x00007fffee940000 - 0x00007fffee94a000 	C:\WINDOWS\SYSTEM32\VERSION.dll
0x00007fffef4a0000 - 0x00007fffef4d4000 	C:\WINDOWS\SYSTEM32\WINMM.dll
0x00007ffff6ed0000 - 0x00007ffff6f41000 	C:\WINDOWS\System32\WS2_32.dll
0x00007ffff5380000 - 0x00007ffff5398000 	C:\WINDOWS\SYSTEM32\kernel.appcore.dll
0x00007fffe9b50000 - 0x00007fffe9b5a000 	C:\Users\krmbr\AppData\Local\JetBrains\Toolbox\apps\AndroidStudio\ch-0\222.4459.24.2221.9601061\jbr\bin\jimage.dll
0x00007fffe0f30000 - 0x00007fffe115e000 	C:\WINDOWS\SYSTEM32\DBGHELP.DLL
0x00007ffff88a0000 - 0x00007ffff8c2a000 	C:\WINDOWS\System32\combase.dll
0x00007ffff87c0000 - 0x00007ffff8897000 	C:\WINDOWS\System32\OLEAUT32.dll
0x00007fffddee0000 - 0x00007fffddf12000 	C:\WINDOWS\SYSTEM32\dbgcore.DLL
0x00007ffff68f0000 - 0x00007ffff696b000 	C:\WINDOWS\System32\bcryptPrimitives.dll
0x00007fffd9040000 - 0x00007fffd9065000 	C:\Users\krmbr\AppData\Local\JetBrains\Toolbox\apps\AndroidStudio\ch-0\222.4459.24.2221.9601061\jbr\bin\java.dll

dbghelp: loaded successfully - version: 4.0.5 - missing functions: none
symbol engine: initialized successfully - sym options: 0x614 - pdb path: .;C:\Users\krmbr\AppData\Local\JetBrains\Toolbox\apps\AndroidStudio\ch-0\222.4459.24.2221.9601061\jbr\bin;C:\WINDOWS\SYSTEM32;C:\WINDOWS\WinSxS\amd64_microsoft.windows.common-controls_6595b64144ccf1df_6.0.22621.608_none_a9444ca7c10bb01d;C:\Users\krmbr\AppData\Local\JetBrains\Toolbox\apps\AndroidStudio\ch-0\222.4459.24.2221.9601061\jbr\bin\server

VM Arguments:
java_command: git4idea.http.GitAskPassApp Username for 'https://github.com': 
java_class_path (initial): C:/Users/krmbr/AppData/Local/JetBrains/Toolbox/apps/AndroidStudio/ch-0/222.4459.24.2221.9601061/plugins/git4idea/lib/git4idea-rt.jar;C:/Users/krmbr/AppData/Local/JetBrains/Toolbox/apps/AndroidStudio/ch-0/222.4459.24.2221.9601061/lib/externalProcess-rt.jar;C:/Users/krmbr/AppData/Local/JetBrains/Toolbox/apps/AndroidStudio/ch-0/222.4459.24.2221.9601061/lib/app.jar;C:/Users/krmbr/AppData/Local/JetBrains/Toolbox/apps/AndroidStudio/ch-0/222.4459.24.2221.9601061/lib/3rd-party-rt.jar
Launcher Type: SUN_STANDARD

[Global flags]
     intx CICompilerCount                          = 4                                         {product} {ergonomic}
     uint ConcGCThreads                            = 2                                         {product} {ergonomic}
     uint G1ConcRefinementThreads                  = 8                                         {product} {ergonomic}
   size_t G1HeapRegionSize                         = 2097152                                   {product} {ergonomic}
    uintx GCDrainStackTargetSize                   = 64                                        {product} {ergonomic}
   size_t InitialHeapSize                          = 266338304                                 {product} {ergonomic}
   size_t MarkStackSize                            = 4194304                                   {product} {ergonomic}
   size_t MaxHeapSize                              = 4244635648                                {product} {ergonomic}
   size_t MinHeapDeltaBytes                        = 2097152                                   {product} {ergonomic}
   size_t MinHeapSize                              = 8388608                                   {product} {ergonomic}
    uintx NonNMethodCodeHeapSize                   = 5839372                                {pd product} {ergonomic}
    uintx NonProfiledCodeHeapSize                  = 122909434                              {pd product} {ergonomic}
    uintx ProfiledCodeHeapSize                     = 122909434                              {pd product} {ergonomic}
    uintx ReservedCodeCacheSize                    = 251658240                              {pd product} {ergonomic}
     bool SegmentedCodeCache                       = true                                      {product} {ergonomic}
   size_t SoftMaxHeapSize                          = 4244635648                             {manageable} {ergonomic}
     bool UseCompressedClassPointers               = true                           {product lp64_product} {ergonomic}
     bool UseCompressedOops                        = true                           {product lp64_product} {ergonomic}
     bool UseG1GC                                  = true                                      {product} {ergonomic}
     bool UseLargePagesIndividualAllocation        = false                                  {pd product} {ergonomic}

Logging:
Log output configuration:
 #0: stdout all=warning uptime,level,tags
 #1: stderr all=off uptime,level,tags

Environment Variables:
JAVA_HOME=C:\Program Files\Java\jdk-19
PATH=C:\Program Files\Git\mingw64\libexec\git-core;C:\Program Files\Git\mingw64\libexec\git-core;C:\Program Files\Git\mingw64\bin;C:\Program Files\Git\usr\bin;C:\Users\krmbr\bin;C:\Program Files\Common Files\Oracle\Java\javapath;C:\Windows\system32;C:\Windows;C:\Windows\System32\Wbem;C:\Windows\System32\WindowsPowerShell\v1.0;C:\Windows\System32\OpenSSH;C:\Program Files (x86)\NVIDIA Corporation\PhysX\Common;C:\Program Files\Git\cmd;C:\Program Files\nodejs;D:\flutter\bin;C:\Program Files (x86)\Microsoft SQL Server\150\DTS\Binn;C:\Users\krmbr\AppData\Local\Pub\Cache\bin;C:\Program Files\Java\jdk-18.0.1\bin;C:\Users\krmbr\openssl-3.0.2\apps;C:\OpenSSL\bin;C:\WINDOWS\system32;C:\WINDOWS;C:\WINDOWS\System32\Wbem;C:\WINDOWS\System32\WindowsPowerShell\v1.0;C:\WINDOWS\System32\OpenSSH;C:\Program Files\dotnet;C:\Program Files (x86)\oh-my-posh\bin;C:\Program Files\NVIDIA Corporation\NVIDIA NvDLISR;C:\Program Files (x86)\dotnet;D:\kotlinc\bin;C:\WINDOWS\system32;C:\WINDOWS;C:\WINDOWS\System32\Wbem;C:\WINDOWS\System32\WindowsPowerShell\v1.0;C:\WINDOWS\System32\OpenSSH;C:\xampp\php;C:\composer;C:\Users\krmbr\AppData\Local\Microsoft\WindowsApps;C:\Users\krmbr\AppData\Roaming\npm;C:\Users\krmbr\AppData\Local\Programs\Microsoft VS Code\bin;C:\Program Files\Azure Data Studio\bin;C:\Program Files\heroku\bin;C:\Users\krmbr\.dotnet\tools;C:\Users\krmbr\AppData\Local\Programs\oh-my-posh\bin;D:\kotlinc\bin;C:\Users\krmbr\AppData\Local\JetBrains\Toolbox\scripts;C:\Users\krmbr\AppData\Roaming\Composer\vendor\bin
USERNAME=krmbr
DISPLAY=:0.0
LC_ALL=en_US.UTF-8
TERM=cygwin
TMPDIR=C:\Users\krmbr\AppData\Local\Temp
OS=Windows_NT
PROCESSOR_IDENTIFIER=Intel64 Family 6 Model 158 Stepping 10, GenuineIntel
TMP=C:\Users\krmbr\AppData\Local\Temp
TEMP=C:\Users\krmbr\AppData\Local\Temp



---------------  S Y S T E M  ---------------

OS:
 Windows 11 , 64 bit Build 22621 (10.0.22621.1194)
OS uptime: 4 days 5:01 hours
Hyper-V role detected

CPU: total 8 (initial active 8) (4 cores per cpu, 2 threads per core) family 6 model 158 stepping 10 microcode 0xde, cx8, cmov, fxsr, ht, mmx, 3dnowpref, sse, sse2, sse3, ssse3, sse4.1, sse4.2, popcnt, lzcnt, tsc, tscinvbit, avx, avx2, aes, erms, clmul, bmi1, bmi2, adx, fma, vzeroupper, clflush, clflushopt, hv

Memory: 4k page, system-wide physical 16188M (904M free)
TotalPageFile size 33672M (AvailPageFile size 185M)
current process WorkingSet (physical memory assigned to process): 11M, peak: 11M
current process commit charge ("private bytes"): 60M, peak: 314M

vm_info: OpenJDK 64-Bit Server VM (17.0.6+0-b2043.56-9586694) for windows-amd64 JRE (17.0.6+0-b2043.56-9586694), built on Feb  9 2023 20:06:20 by "androidbuild" with MS VC++ 16.10 / 16.11 (VS2019)

END.
